# JRE version: OpenJDK Runtime Environment Temurin-21.0.12.1+1 (21.0.12.1+1) (build 21.0.12.1+1-LTS)
# Java VM: OpenJDK 64-Bit Server VM Temurin-21.0.12.1+1 (21.0.12.1+1-LTS, mixed mode, sharing, tiered, compressed oops, compressed class ptrs, parallel gc, windows-amd64)
GC Precious Log:
 CardTable entry size: 512
 CPUs: 8 total, 8 available
 Memory: 7959M
 Large Page Support: Disabled
 NUMA Support: Disabled
 Compressed Oops: Enabled (32-bit)
 Alignments: Space 512K, Generation 512K, Heap 2M
 Heap Min Capacity: 100M
 Heap Initial Capacity: 100M
 Heap Max Capacity: 2G
 Pre-touch: Disabled
 Parallel Workers: 8
Heap:
 PSYoungGen      total 7168K, used 1000K [0x00000000d5580000, 0x00000000d5d80000, 0x0000000100000000)
  eden space 6656K, 10% used [0x00000000d5580000,0x00000000d5627928,0x00000000d5c00000)
  from space 512K, 64% used [0x00000000d5d00000,0x00000000d5d527e8,0x00000000d5d80000)
  to   space 512K, 0% used [0x00000000d5c80000,0x00000000d5c80000,0x00000000d5d00000)
 ParOldGen       total 203264K, used 203107K [0x0000000080000000, 0x000000008c680000, 0x00000000d5580000)
  object space 203264K, 99% used [0x0000000080000000,0x000000008c658d28,0x000000008c680000)
 Metaspace       used 64777K, committed 66496K, reserved 1114112K
  class space    used 6899K, committed 7744K, reserved 1048576K
GC Heap History (20 events):
Event: 438.243 GC heap before
{Heap before GC invocations=2980 (full 3):
 PSYoungGen      total 7168K, used 7017K [0x00000000d5580000, 0x00000000d5d80000, 0x0000000100000000)
  eden space 6656K, 100% used [0x00000000d5580000,0x00000000d5c00000,0x00000000d5c00000)
  from space 512K, 70% used [0x00000000d5d00000,0x00000000d5d5a760,0x00000000d5d80000)
  to   space 512K, 0% used [0x00000000d5c80000,0x00000000d5c80000,0x00000000d5d00000)
 ParOldGen       total 202752K, used 202374K [0x0000000080000000, 0x000000008c600000, 0x00000000d5580000)
  object space 202752K, 99% used [0x0000000080000000,0x000000008c5a1b78,0x000000008c600000)
 Metaspace       used 64777K, committed 66496K, reserved 1114112K
  class space    used 6899K, committed 7744K, reserved 1048576K
}
Event: 438.244 GC heap after
{Heap after GC invocations=2980 (full 3):
 PSYoungGen      total 7168K, used 488K [0x00000000d5580000, 0x00000000d5e00000, 0x0000000100000000)
  eden space 6656K, 0% used [0x00000000d5580000,0x00000000d5580000,0x00000000d5c00000)
  from space 512K, 95% used [0x00000000d5c80000,0x00000000d5cfa0d8,0x00000000d5d00000)
  to   space 1024K, 0% used [0x00000000d5d00000,0x00000000d5d00000,0x00000000d5e00000)
 ParOldGen       total 202752K, used 202616K [0x0000000080000000, 0x000000008c600000, 0x00000000d5580000)
  object space 202752K, 99% used [0x0000000080000000,0x000000008c5de2e8,0x000000008c600000)
 Metaspace       used 64777K, committed 66496K, reserved 1114112K
  class space    used 6899K, committed 7744K, reserved 1048576K
}
Event: 438.330 GC heap before
{Heap before GC invocations=2981 (full 3):
 PSYoungGen      total 7168K, used 7143K [0x00000000d5580000, 0x00000000d5e00000, 0x0000000100000000)
  eden space 6656K, 99% used [0x00000000d5580000,0x00000000d5bffcf8,0x00000000d5c00000)
  from space 512K, 95% used [0x00000000d5c80000,0x00000000d5cfa0d8,0x00000000d5d00000)
  to   space 1024K, 0% used [0x00000000d5d00000,0x00000000d5d00000,0x00000000d5e00000)
 ParOldGen       total 202752K, used 202616K [0x0000000080000000, 0x000000008c600000, 0x00000000d5580000)
  object space 202752K, 99% used [0x0000000080000000,0x000000008c5de2e8,0x000000008c600000)
 Metaspace       used 64777K, committed 66496K, reserved 1114112K
  class space    used 6899K, committed 7744K, reserved 1048576K
}
Event: 438.333 GC heap after
{Heap after GC invocations=2981 (full 3):
 PSYoungGen      total 7680K, used 409K [0x00000000d5580000, 0x00000000d5e00000, 0x0000000100000000)
  eden space 6656K, 0% used [0x00000000d5580000,0x00000000d5580000,0x00000000d5c00000)
  from space 1024K, 40% used [0x00000000d5d00000,0x00000000d5d66790,0x00000000d5e00000)
  to   space 1024K, 0% used [0x00000000d5c00000,0x00000000d5c00000,0x00000000d5d00000)
 ParOldGen       total 202752K, used 202688K [0x0000000080000000, 0x000000008c600000, 0x00000000d5580000)
  object space 202752K, 99% used [0x0000000080000000,0x000000008c5f02e8,0x000000008c600000)
 Metaspace       used 64777K, committed 66496K, reserved 1114112K
  class space    used 6899K, committed 7744K, reserved 1048576K
}
Event: 438.396 GC heap before
{Heap before GC invocations=2982 (full 3):
 PSYoungGen      total 7680K, used 7065K [0x00000000d5580000, 0x00000000d5e00000, 0x0000000100000000)
  eden space 6656K, 100% used [0x00000000d5580000,0x00000000d5c00000,0x00000000d5c00000)
  from space 1024K, 40% used [0x00000000d5d00000,0x00000000d5d66790,0x00000000d5e00000)
  to   space 1024K, 0% used [0x00000000d5c00000,0x00000000d5c00000,0x00000000d5d00000)
 ParOldGen       total 202752K, used 202688K [0x0000000080000000, 0x000000008c600000, 0x00000000d5580000)
  object space 202752K, 99% used [0x0000000080000000,0x000000008c5f02e8,0x000000008c600000)
 Metaspace       used 64777K, committed 66496K, reserved 1114112K
  class space    used 6899K, committed 7744K, reserved 1048576K
}
Event: 438.397 GC heap after
{Heap after GC invocations=2982 (full 3):
 PSYoungGen      total 7680K, used 329K [0x00000000d5580000, 0x00000000d5d80000, 0x0000000100000000)
  eden space 6656K, 0% used [0x00000000d5580000,0x00000000d5580000,0x00000000d5c00000)
  from space 1024K, 32% used [0x00000000d5c00000,0x00000000d5c52788,0x00000000d5d00000)
  to   space 512K, 0% used [0x00000000d5d00000,0x00000000d5d00000,0x00000000d5d80000)
 ParOldGen       total 202752K, used 202736K [0x0000000080000000, 0x000000008c600000, 0x00000000d5580000)
  object space 202752K, 99% used [0x0000000080000000,0x000000008c5fc2e8,0x000000008c600000)
 Metaspace       used 64777K, committed 66496K, reserved 1114112K
  class space    used 6899K, committed 7744K, reserved 1048576K
}
Event: 438.472 GC heap before
{Heap before GC invocations=2983 (full 3):
 PSYoungGen      total 7680K, used 6985K [0x00000000d5580000, 0x00000000d5d80000, 0x0000000100000000)
  eden space 6656K, 100% used [0x00000000d5580000,0x00000000d5c00000,0x00000000d5c00000)
  from space 1024K, 32% used [0x00000000d5c00000,0x00000000d5c52788,0x00000000d5d00000)
  to   space 512K, 0% used [0x00000000d5d00000,0x00000000d5d00000,0x00000000d5d80000)
 ParOldGen       total 202752K, used 202736K [0x0000000080000000, 0x000000008c600000, 0x00000000d5580000)
  object space 202752K, 99% used [0x0000000080000000,0x000000008c5fc2e8,0x000000008c600000)
 Metaspace       used 64777K, committed 66496K, reserved 1114112K
  class space    used 6899K, committed 7744K, reserved 1048576K
}
Event: 438.472 GC heap after
{Heap after GC invocations=2983 (full 3):
 PSYoungGen      total 7168K, used 329K [0x00000000d5580000, 0x00000000d5d80000, 0x0000000100000000)
  eden space 6656K, 0% used [0x00000000d5580000,0x00000000d5580000,0x00000000d5c00000)
  from space 512K, 64% used [0x00000000d5d00000,0x00000000d5d52798,0x00000000d5d80000)
  to   space 512K, 0% used [0x00000000d5c80000,0x00000000d5c80000,0x00000000d5d00000)
 ParOldGen       total 203264K, used 202776K [0x0000000080000000, 0x000000008c680000, 0x00000000d5580000)
  object space 203264K, 99% used [0x0000000080000000,0x000000008c6062e8,0x000000008c680000)
 Metaspace       used 64777K, committed 66496K, reserved 1114112K
  class space    used 6899K, committed 7744K, reserved 1048576K
}
Event: 438.555 GC heap before
{Heap before GC invocations=2984 (full 3):
 PSYoungGen      total 7168K, used 6985K [0x00000000d5580000, 0x00000000d5d80000, 0x0000000100000000)
  eden space 6656K, 100% used [0x00000000d5580000,0x00000000d5c00000,0x00000000d5c00000)
  from space 512K, 64% used [0x00000000d5d00000,0x00000000d5d52798,0x00000000d5d80000)
  to   space 512K, 0% used [0x00000000d5c80000,0x00000000d5c80000,0x00000000d5d00000)
 ParOldGen       total 203264K, used 202776K [0x0000000080000000, 0x000000008c680000, 0x00000000d5580000)
  object space 203264K, 99% used [0x0000000080000000,0x000000008c6062e8,0x000000008c680000)
 Metaspace       used 64777K, committed 66496K, reserved 1114112K
  class space    used 6899K, committed 7744K, reserved 1048576K
}
Event: 438.556 GC heap after
{Heap after GC invocations=2984 (full 3):
 PSYoungGen      total 7168K, used 487K [0x00000000d5580000, 0x00000000d5e00000, 0x0000000100000000)
  eden space 6656K, 0% used [0x00000000d5580000,0x00000000d5580000,0x00000000d5c00000)
  from space 512K, 95% used [0x00000000d5c80000,0x00000000d5cf9e40,0x00000000d5d00000)
  to   space 1024K, 0% used [0x00000000d5d00000,0x00000000d5d00000,0x00000000d5e00000)
 ParOldGen       total 203264K, used 202947K [0x0000000080000000, 0x000000008c680000, 0x00000000d5580000)
  object space 203264K, 99% used [0x0000000080000000,0x000000008c630d28,0x000000008c680000)
 Metaspace       used 64777K, committed 66496K, reserved 1114112K
  class space    used 6899K, committed 7744K, reserved 1048576K
}
Event: 438.613 GC heap before
{Heap before GC invocations=2985 (full 3):
 PSYoungGen      total 7168K, used 7120K [0x00000000d5580000, 0x00000000d5e00000, 0x0000000100000000)
  eden space 6656K, 99% used [0x00000000d5580000,0x00000000d5bfa440,0x00000000d5c00000)
  from space 512K, 95% used [0x00000000d5c80000,0x00000000d5cf9e40,0x00000000d5d00000)
  to   space 1024K, 0% used [0x00000000d5d00000,0x00000000d5d00000,0x00000000d5e00000)
 ParOldGen       total 203264K, used 202947K [0x0000000080000000, 0x000000008c680000, 0x00000000d5580000)
  object space 203264K, 99% used [0x0000000080000000,0x000000008c630d28,0x000000008c680000)
 Metaspace       used 64777K, committed 66496K, reserved 1114112K
  class space    used 6899K, committed 7744K, reserved 1048576K
}
Event: 438.615 GC heap after
{Heap after GC invocations=2985 (full 3):
 PSYoungGen      total 7168K, used 265K [0x00000000d5580000, 0x00000000d5d80000, 0x0000000100000000)
  eden space 6656K, 0% used [0x00000000d5580000,0x00000000d5580000,0x00000000d5c00000)
  from space 512K, 51% used [0x00000000d5d00000,0x00000000d5d427b0,0x00000000d5d80000)
  to   space 512K, 0% used [0x00000000d5c80000,0x00000000d5c80000,0x00000000d5d00000)
 ParOldGen       total 203264K, used 203003K [0x0000000080000000, 0x000000008c680000, 0x00000000d5580000)
  object space 203264K, 99% used [0x0000000080000000,0x000000008c63ed28,0x000000008c680000)
 Metaspace       used 64777K, committed 66496K, reserved 1114112K
  class space    used 6899K, committed 7744K, reserved 1048576K
}
Event: 438.690 GC heap before
{Heap before GC invocations=2986 (full 3):
 PSYoungGen      total 7168K, used 6921K [0x00000000d5580000, 0x00000000d5d80000, 0x0000000100000000)
  eden space 6656K, 100% used [0x00000000d5580000,0x00000000d5c00000,0x00000000d5c00000)
  from space 512K, 51% used [0x00000000d5d00000,0x00000000d5d427b0,0x00000000d5d80000)
  to   space 512K, 0% used [0x00000000d5c80000,0x00000000d5c80000,0x00000000d5d00000)
 ParOldGen       total 203264K, used 203003K [0x0000000080000000, 0x000000008c680000, 0x00000000d5580000)
  object space 203264K, 99% used [0x0000000080000000,0x000000008c63ed28,0x000000008c680000)
 Metaspace       used 64777K, committed 66496K, reserved 1114112K
  class space    used 6899K, committed 7744K, reserved 1048576K
}
Event: 438.691 GC heap after
{Heap after GC invocations=2986 (full 3):
 PSYoungGen      total 7168K, used 361K [0x00000000d5580000, 0x00000000d5d80000, 0x0000000100000000)
  eden space 6656K, 0% used [0x00000000d5580000,0x00000000d5580000,0x00000000d5c00000)
  from space 512K, 70% used [0x00000000d5c80000,0x00000000d5cda7c0,0x00000000d5d00000)
  to   space 512K, 0% used [0x00000000d5d00000,0x00000000d5d00000,0x00000000d5d80000)
 ParOldGen       total 203264K, used 203027K [0x0000000080000000, 0x000000008c680000, 0x00000000d5580000)
  object space 203264K, 99% used [0x0000000080000000,0x000000008c644d28,0x000000008c680000)
 Metaspace       used 64777K, committed 66496K, reserved 1114112K
  class space    used 6899K, committed 7744K, reserved 1048576K
}
Event: 438.760 GC heap before
{Heap before GC invocations=2987 (full 3):
 PSYoungGen      total 7168K, used 7017K [0x00000000d5580000, 0x00000000d5d80000, 0x0000000100000000)
  eden space 6656K, 100% used [0x00000000d5580000,0x00000000d5c00000,0x00000000d5c00000)
  from space 512K, 70% used [0x00000000d5c80000,0x00000000d5cda7c0,0x00000000d5d00000)
  to   space 512K, 0% used [0x00000000d5d00000,0x00000000d5d00000,0x00000000d5d80000)
 ParOldGen       total 203264K, used 203027K [0x0000000080000000, 0x000000008c680000, 0x00000000d5580000)
  object space 203264K, 99% used [0x0000000080000000,0x000000008c644d28,0x000000008c680000)
 Metaspace       used 64777K, committed 66496K, reserved 1114112K
  class space    used 6899K, committed 7744K, reserved 1048576K
}
Event: 438.761 GC heap after
{Heap after GC invocations=2987 (full 3):
 PSYoungGen      total 7168K, used 361K [0x00000000d5580000, 0x00000000d5d80000, 0x0000000100000000)
  eden space 6656K, 0% used [0x00000000d5580000,0x00000000d5580000,0x00000000d5c00000)
  from space 512K, 70% used [0x00000000d5d00000,0x00000000d5d5a7d0,0x00000000d5d80000)
  to   space 512K, 0% used [0x00000000d5c80000,0x00000000d5c80000,0x00000000d5d00000)
 ParOldGen       total 203264K, used 203051K [0x0000000080000000, 0x000000008c680000, 0x00000000d5580000)
  object space 203264K, 99% used [0x0000000080000000,0x000000008c64ad28,0x000000008c680000)
 Metaspace       used 64777K, committed 66496K, reserved 1114112K
  class space    used 6899K, committed 7744K, reserved 1048576K
}
Event: 438.841 GC heap before
{Heap before GC invocations=2988 (full 3):
 PSYoungGen      total 7168K, used 6990K [0x00000000d5580000, 0x00000000d5d80000, 0x0000000100000000)
  eden space 6656K, 99% used [0x00000000d5580000,0x00000000d5bf90b8,0x00000000d5c00000)
  from space 512K, 70% used [0x00000000d5d00000,0x00000000d5d5a7d0,0x00000000d5d80000)
  to   space 512K, 0% used [0x00000000d5c80000,0x00000000d5c80000,0x00000000d5d00000)
 ParOldGen       total 203264K, used 203051K [0x0000000080000000, 0x000000008c680000, 0x00000000d5580000)
  object space 203264K, 99% used [0x0000000080000000,0x000000008c64ad28,0x000000008c680000)
 Metaspace       used 64777K, committed 66496K, reserved 1114112K
  class space    used 6899K, committed 7744K, reserved 1048576K
}
Event: 438.843 GC heap after
{Heap after GC invocations=2988 (full 3):
 PSYoungGen      total 7168K, used 265K [0x00000000d5580000, 0x00000000d5d80000, 0x0000000100000000)
  eden space 6656K, 0% used [0x00000000d5580000,0x00000000d5580000,0x00000000d5c00000)
  from space 512K, 51% used [0x00000000d5c80000,0x00000000d5cc27e0,0x00000000d5d00000)
  to   space 512K, 0% used [0x00000000d5d00000,0x00000000d5d00000,0x00000000d5d80000)
 ParOldGen       total 203264K, used 203083K [0x0000000080000000, 0x000000008c680000, 0x00000000d5580000)
  object space 203264K, 99% used [0x0000000080000000,0x000000008c652d28,0x000000008c680000)
 Metaspace       used 64777K, committed 66496K, reserved 1114112K
  class space    used 6899K, committed 7744K, reserved 1048576K
}
Event: 438.971 GC heap before
{Heap before GC invocations=2989 (full 3):
 PSYoungGen      total 7168K, used 6921K [0x00000000d5580000, 0x00000000d5d80000, 0x0000000100000000)
  eden space 6656K, 100% used [0x00000000d5580000,0x00000000d5c00000,0x00000000d5c00000)
  from space 512K, 51% used [0x00000000d5c80000,0x00000000d5cc27e0,0x00000000d5d00000)
  to   space 512K, 0% used [0x00000000d5d00000,0x00000000d5d00000,0x00000000d5d80000)
 ParOldGen       total 203264K, used 203083K [0x0000000080000000, 0x000000008c680000, 0x00000000d5580000)
  object space 203264K, 99% used [0x0000000080000000,0x000000008c652d28,0x000000008c680000)
 Metaspace       used 64777K, committed 66496K, reserved 1114112K
  class space    used 6899K, committed 7744K, reserved 1048576K
}
Event: 438.973 GC heap after
{Heap after GC invocations=2989 (full 3):
 PSYoungGen      total 7168K, used 329K [0x00000000d5580000, 0x00000000d5d80000, 0x0000000100000000)
  eden space 6656K, 0% used [0x00000000d5580000,0x00000000d5580000,0x00000000d5c00000)
  from space 512K, 64% used [0x00000000d5d00000,0x00000000d5d527e8,0x00000000d5d80000)
  to   space 512K, 0% used [0x00000000d5c80000,0x00000000d5c80000,0x00000000d5d00000)
 ParOldGen       total 203264K, used 203107K [0x0000000080000000, 0x000000008c680000, 0x00000000d5580000)
  object space 203264K, 99% used [0x0000000080000000,0x000000008c658d28,0x000000008c680000)
 Metaspace       used 64777K, committed 66496K, reserved 1114112K
  class space    used 6899K, committed 7744K, reserved 1048576K
}

